<?xml version="1.0" encoding="UTF-8"?>
<testng-results skipped="0" failed="0" ignored="4" total="8" passed="4">
  <reporter-output>
  </reporter-output>
  <suite name="HubSpot App Regression Suite" duration-ms="19160" started-at="2020-04-23T02:23:28Z" finished-at="2020-04-23T02:23:47Z">
    <groups>
    </groups>
    <test name="Sample Contacts Test - chrome" duration-ms="12392" started-at="2020-04-23T02:23:28Z" finished-at="2020-04-23T02:23:41Z">
      <class name="com.testng.ContactsTest">
        <test-method status="PASS" signature="setup(java.lang.String, java.lang.String, java.lang.String)[pri:0, instance:com.testng.ContactsTest@7cd62f43]" name="setup" is-config="true" duration-ms="10511" started-at="2020-04-23T02:23:28Z" finished-at="2020-04-23T02:23:39Z">
          <params>
            <param index="0">
              <value>
                <![CDATA[chrome]]>
              </value>
            </param>
            <param index="1">
              <value>
                <![CDATA[http://www.google.com]]>
              </value>
            </param>
            <param index="2">
              <value>
                <![CDATA[no]]>
              </value>
            </param>
          </params>
          <reporter-output>
          </reporter-output>
        </test-method> <!-- setup -->
        <test-method status="PASS" signature="createContactTest()[pri:0, instance:com.testng.ContactsTest@7cd62f43]" name="createContactTest" duration-ms="46" started-at="2020-04-23T02:23:39Z" finished-at="2020-04-23T02:23:39Z">
          <reporter-output>
          </reporter-output>
        </test-method> <!-- createContactTest -->
        <test-method status="PASS" signature="teardown()[pri:0, instance:com.testng.ContactsTest@7cd62f43]" name="teardown" is-config="true" duration-ms="1766" started-at="2020-04-23T02:23:39Z" finished-at="2020-04-23T02:23:41Z">
          <reporter-output>
          </reporter-output>
        </test-method> <!-- teardown -->
      </class> <!-- com.testng.ContactsTest -->
      <class name="com.testng.HomeTest">
        <test-method status="PASS" signature="header()[pri:0, instance:com.testng.HomeTest@6d4b1c02]" name="header" duration-ms="17" started-at="2020-04-23T02:23:39Z" finished-at="2020-04-23T02:23:39Z">
          <reporter-output>
          </reporter-output>
        </test-method> <!-- header -->
      </class> <!-- com.testng.HomeTest -->
    </test> <!-- Sample Contacts Test - chrome -->
    <test name="Sample Contacts Test- firefox" duration-ms="19160" started-at="2020-04-23T02:23:28Z" finished-at="2020-04-23T02:23:47Z">
      <class name="com.testng.ContactsTest">
        <test-method status="PASS" signature="setup(java.lang.String, java.lang.String, java.lang.String)[pri:0, instance:com.testng.ContactsTest@2f686d1f]" name="setup" is-config="true" duration-ms="17032" started-at="2020-04-23T02:23:28Z" finished-at="2020-04-23T02:23:45Z">
          <params>
            <param index="0">
              <value>
                <![CDATA[firefox]]>
              </value>
            </param>
            <param index="1">
              <value>
                <![CDATA[http://www.google.com]]>
              </value>
            </param>
            <param index="2">
              <value>
                <![CDATA[no]]>
              </value>
            </param>
          </params>
          <reporter-output>
          </reporter-output>
        </test-method> <!-- setup -->
        <test-method status="PASS" signature="createContactTest()[pri:0, instance:com.testng.ContactsTest@2f686d1f]" name="createContactTest" duration-ms="3" started-at="2020-04-23T02:23:45Z" finished-at="2020-04-23T02:23:45Z">
          <reporter-output>
          </reporter-output>
        </test-method> <!-- createContactTest -->
        <test-method status="PASS" signature="teardown()[pri:0, instance:com.testng.ContactsTest@2f686d1f]" name="teardown" is-config="true" duration-ms="2075" started-at="2020-04-23T02:23:45Z" finished-at="2020-04-23T02:23:47Z">
          <reporter-output>
          </reporter-output>
        </test-method> <!-- teardown -->
      </class> <!-- com.testng.ContactsTest -->
      <class name="com.testng.HomeTest">
        <test-method status="PASS" signature="header()[pri:0, instance:com.testng.HomeTest@3fee9989]" name="header" duration-ms="2" started-at="2020-04-23T02:23:45Z" finished-at="2020-04-23T02:23:45Z">
          <reporter-output>
          </reporter-output>
        </test-method> <!-- header -->
      </class> <!-- com.testng.HomeTest -->
    </test> <!-- Sample Contacts Test- firefox -->
  </suite> <!-- HubSpot App Regression Suite -->
</testng-results>
