<?xml version="1.0" encoding="UTF-8"?>
<!-- Generated by org.testng.reporters.JUnitXMLReporter -->
<testsuite hostname="DESKTOP-66SGQGC" ignored="2" name="HubSpot Functional Regression Test" tests="2" failures="0" timestamp="23 Apr 2020 01:35:36 GMT" time="0.111" errors="0">
  <testcase name="createContactTest" time="0.007" classname="com.testng.ContactsTest"/>
  <testcase name="header" time="0.007" classname="com.testng.HomeTest"/>
  <testcase name="@BeforeTest setup" time="0.0" classname="com.testng.BaseClass">
    <ignored/>
  </testcase> <!-- @BeforeTest setup -->
  <testcase name="@AfterTest terdown" time="0.0" classname="com.testng.BaseClass">
    <ignored/>
  </testcase> <!-- @AfterTest terdown -->
</testsuite> <!-- HubSpot Functional Regression Test -->
