<?xml version="1.0" encoding="UTF-8"?>
<!-- Generated by org.testng.reporters.JUnitXMLReporter -->
<testsuite hostname="DESKTOP-66SGQGC" ignored="2" name="Sample Contacts Test- firefox" tests="2" failures="0" timestamp="23 Apr 2020 02:23:47 GMT" time="19.16" errors="0">
  <testcase name="header" time="0.002" classname="com.testng.HomeTest"/>
  <testcase name="createContactTest" time="0.003" classname="com.testng.ContactsTest"/>
  <testcase name="@AfterTest teardown" time="0.0" classname="com.testng.BaseClass">
    <ignored/>
  </testcase> <!-- @AfterTest teardown -->
  <testcase name="@BeforeTest setup" time="0.0" classname="com.testng.BaseClass">
    <ignored/>
  </testcase> <!-- @BeforeTest setup -->
</testsuite> <!-- Sample Contacts Test- firefox -->
