<?xml version="1.0" encoding="UTF-8"?>
<!-- Generated by org.testng.reporters.JUnitXMLReporter -->
<testsuite hostname="DESKTOP-66SGQGC" ignored="2" name="Sample Contacts Test - chrome" tests="2" failures="0" timestamp="23 Apr 2020 02:23:41 GMT" time="12.392" errors="0">
  <testcase name="header" time="0.017" classname="com.testng.HomeTest"/>
  <testcase name="createContactTest" time="0.046" classname="com.testng.ContactsTest"/>
  <testcase name="@AfterTest teardown" time="0.0" classname="com.testng.BaseClass">
    <ignored/>
  </testcase> <!-- @AfterTest teardown -->
  <testcase name="@BeforeTest setup" time="0.0" classname="com.testng.BaseClass">
    <ignored/>
  </testcase> <!-- @BeforeTest setup -->
</testsuite> <!-- Sample Contacts Test - chrome -->
